<?xml version="1.0" encoding="UTF-8"?>
<!-- Generated by org.testng.reporters.JUnitXMLReporter -->
<testsuite ignored="0" hostname="US-DWJV6W2H4W" failures="1" tests="4" name="Test" time="35.095" errors="0" timestamp="2024-04-16T17:09:59 EDT">
  <testcase classname="io.cucumber.testng.AbstractTestNGCucumberTests" name="runScenario" time="10.402"/>
  <testcase classname="io.cucumber.testng.AbstractTestNGCucumberTests" name="runScenario" time="8.966"/>
  <testcase classname="io.cucumber.testng.AbstractTestNGCucumberTests" name="runScenario" time="6.123">
    <failure type="java.lang.AssertionError" message="expected [true] but found [false]">
      <![CDATA[java.lang.AssertionError: expected [true] but found [false]
at stepdefinations.CarwaleSteps.user_validates_car_title_as(CarwaleSteps.java:56)
at âœ½.user validates carTitle as "Kia Car"(file:///Users/vikashsharma/Documents/AutomationTesting/EclipseWorkspace/cucumberpageobjectmodelselenium/src/test/resources/features/findnewcar.feature:8)
... Removed 4 stack frames]]>
    </failure>
  </testcase> <!-- runScenario -->
  <testcase classname="io.cucumber.testng.AbstractTestNGCucumberTests" name="runScenario" time="9.128"/>
</testsuite> <!-- Test -->
