<?xml version="1.0" encoding="UTF-8"?>
<!-- Generated by org.testng.reporters.JUnitReportReporter -->
<testsuite hostname="US-DWJV6W2H4W" failures="1" tests="4" name="runner.Runcuke" time="34.619" errors="0" timestamp="2024-04-16T17:09:59 EDT" skipped="0">
  <testcase classname="runner.Runcuke" name="runScenario" time="8.966"/>
  <testcase classname="runner.Runcuke" name="runScenario" time="9.128"/>
  <testcase classname="runner.Runcuke" name="runScenario" time="10.402"/>
  <testcase classname="runner.Runcuke" name="runScenario" time="6.123">
    <failure message="expected [true] but found [false]" type="java.lang.AssertionError">
      <![CDATA[java.lang.AssertionError: expected [true] but found [false]
at org.testng.Assert.fail(Assert.java:111)
at org.testng.Assert.failNotEquals(Assert.java:1578)
at org.testng.Assert.assertTrue(Assert.java:57)
at org.testng.Assert.assertTrue(Assert.java:67)
at stepdefinations.CarwaleSteps.user_validates_car_title_as(CarwaleSteps.java:56)
at âœ½.user validates carTitle as "Kia Car"(file:///Users/vikashsharma/Documents/AutomationTesting/EclipseWorkspace/cucumberpageobjectmodelselenium/src/test/resources/features/findnewcar.feature:8)
]]>
    </failure>
  </testcase> <!-- runScenario -->
</testsuite> <!-- runner.Runcuke -->
